Starting to mine with 12 threads
Waiting for director to send work.... 0 H/s

Not connected to a node - waiting 5s before retrying
Not connected to a node - waiting 5s before retrying
Not connected to a node - waiting 5s before retrying
Starting to mine with 12 threads
Waiting for director to send work.... 0 H/s

Mining block 19281 on request 1... 0 H/s
Mining block 19281 on request 1... 1490000 H/sMining block 19281 on request 1... 1495000 H/sMining block 19281 on request 1... 1462867 H/sMining block 19281 on request 1... 1462150 H/sMining block 19281 on request 1... 1421720 H/sMining block 19281 on request 1... 1393720 H/sMining block 19281 on request 1... 1365448 H/sMining block 19281 on request 1... 1349879 H/s
Mining block 19281 on request 2... 1341595 H/s
Mining block 19281 on request 2... 1341847 H/sMining block 19281 on request 2... 1337847 H/sMining block 19281 on request 2... 1301883 H/sMining block 19281 on request 2... 1301732 H/sMining block 19281 on request 2... 1314016 H/sMining block 19281 on request 2... 1341764 H/sMining block 19281 on request 2... 1379764 H/sMining block 19281 on request 2... 1429714 H/sMining block 19281 on request 2... 1441163 H/s
Mining block 19281 on request 3... 1461163 H/s
Mining block 19281 on request 3... 1433163 H/sMining block 19281 on request 3... 1409163 H/sMining block 19281 on request 3... 1388918 H/sMining block 19281 on request 3... 1399183 H/sMining block 19281 on request 3... 1395495 H/sMining block 19281 on request 3... 1523116 H/sMining block 19281 on request 3... 1679552 H/sMining block 19281 on request 3... 1823673 H/sMining block 19281 on request 3... 1916337 H/s
Mining block 19281 on request 4... 1859769 H/s
Mining block 19281 on request 4... 1870539 H/sMining block 19281 on request 4... 1848103 H/sMining block 19281 on request 4... 1874077 H/sMining block 19281 on request 4... 1942145 H/sMining block 19281 on request 4... 2119967 H/sMining block 19281 on request 4... 2117965 H/sMining block 19281 on request 4... 2083586 H/sMining block 19281 on request 4... 1917751 H/sMining block 19281 on request 4... 1745305 H/s
Mining block 19281 on request 5... 1693739 H/s
Mining block 19281 on request 5... 1677350 H/sMining block 19281 on request 5... 1535492 H/sMining block 19281 on request 5... 1417762 H/sMining block 19281 on request 5... 1305924 H/sMining block 19281 on request 5... 1135712 H/sMining block 19281 on request 5... 961514 H/sMining block 19281 on request 5... 863752 H/sMining block 19281 on request 5... 921962 H/sMining block 19281 on request 5... 959600 H/s
Mining block 19281 on request 6... 1027812 H/s
Mining block 19281 on request 6... 1062010 H/sMining block 19281 on request 6... 1184010 H/sMining block 19281 on request 6... 1252078 H/sMining block 19281 on request 6... 1302278 H/sMining block 19281 on request 6... 1296278 H/sMining block 19281 on request 6... 1328014 H/sMining block 19281 on request 6... 1334282 H/sMining block 19281 on request 6... 1339437 H/sMining block 19281 on request 6... 1365161 H/sMining block 19281 on request 6... 1345416 H/s
Mining block 19281 on request 7... 1345416 H/s
Mining block 19281 on request 7... 1337424 H/sMining block 19281 on request 7... 1343430 H/sMining block 19281 on request 7... 1343997 H/sMining block 19281 on request 7... 1338003 H/sMining block 19281 on request 7... 1356021 H/sMining block 19281 on request 7... 1374276 H/sMining block 19281 on request 7... 1320002 H/sMining block 19281 on request 7... 1310002 H/sMining block 19281 on request 7... 1252272 H/sMining block 19281 on request 7... 1223756 H/s
Mining block 19281 on request 8... 1223756 H/s
Mining block 19281 on request 8... 1175756 H/sMining block 19281 on request 8... 1235756 H/sMining block 19281 on request 8... 1229756 H/sMining block 19281 on request 8... 1259756 H/sMining block 19281 on request 8... 1293999 H/sMining block 19281 on request 8... 1335999 H/sMining block 19281 on request 8... 1315740 H/sMining block 19281 on request 8... 1345468 H/sMining block 19281 on request 8... 1342643 H/s
Mining block 19281 on request 9... 1342643 H/s
Mining block 19281 on request 9... 1320643 H/sMining block 19281 on request 9... 1317363 H/sMining block 19281 on request 9... 1313628 H/sMining block 19281 on request 9... 1317624 H/sMining block 19281 on request 9... 1316724 H/sMining block 19281 on request 9... 1350724 H/sMining block 19281 on request 9... 1455901 H/sMining block 19281 on request 9... 1457636 H/sMining block 19281 on request 9... 1507912 H/sMining block 19281 on request 9... 1591638 H/s
Mining block 19281 on request 10... 1591638 H/s
Mining block 19281 on request 10... 1687262 H/sMining block 19281 on request 10... 1687624 H/sMining block 19281 on request 10... 1800002 H/sMining block 19281 on request 10... 1754002 H/sMining block 19281 on request 10... 1597800 H/sMining block 19281 on request 10... 1452176 H/sMining block 19281 on request 10... 1422508 H/sMining block 19281 on request 10... 1370130 H/sMining block 19281 on request 10... 1346130 H/sMining block 19281 on request 10... 1314332 H/s
Mining block 19281 on request 11... 1314332 H/s
Mining block 19281 on request 11... 1246170 H/sMining block 19281 on request 11... 1067838 H/sMining block 19281 on request 11... 869838 H/sMining block 19281 on request 11... 817838 H/sMining block 19281 on request 11... 801838 H/sMining block 19281 on request 11... 937702 H/sMining block 19281 on request 11... 1057976 H/sMining block 19281 on request 11... 1188683 H/sMining block 19281 on request 11... 1252683 H/sMining block 19281 on request 11... 1357647 H/sMining block 19281 on request 11... 1313944 H/sMining block 19281 on request 11... 1313396 H/sMining block 19281 on request 11... 1326690 H/s
Mining block 19284 on request 12... 1326690 H/s
Mining block 19284 on request 12... 1294454 H/sMining block 19284 on request 12... 1303758 H/sMining block 19284 on request 12... 1315758 H/sMining block 19284 on request 12... 1316032 H/sMining block 19284 on request 12... 1315760 H/s
Mining block 19284 on request 13... 1315760 H/s
Mining block 19284 on request 13... 1303996 H/sMining block 19284 on request 13... 1323728 H/sMining block 19284 on request 13... 1333452 H/sMining block 19284 on request 13... 1351160 H/sMining block 19284 on request 13... 1353432 H/sMining block 19284 on request 13... 1397700 H/sMining block 19284 on request 13... 1361449 H/sMining block 19284 on request 13... 1353993 H/sMining block 19284 on request 13... 1310284 H/sMining block 19284 on request 13... 1236084 H/sMining block 19284 on request 13... 1240088 H/sMining block 19284 on request 13... 1248081 H/s
Mining block 19285 on request 14... 1233812 H/s
Mining block 19285 on request 14... 1220405 H/sMining block 19285 on request 14... 1235744 H/sMining block 19285 on request 14... 1223212 H/sMining block 19285 on request 14... 1231472 H/sMining block 19285 on request 14... 1211472 H/sMining block 19285 on request 14... 1229131 H/sMining block 19285 on request 14... 1283722 H/sMining block 19285 on request 14... 1295982 H/sMining block 19285 on request 14... 1307982 H/sMining block 19285 on request 14... 1357982 H/s
Mining block 19285 on request 15... 1357982 H/s
Mining block 19285 on request 15... 1349730 H/sMining block 19285 on request 15... 1357777 H/sMining block 19285 on request 15... 1347254 H/sMining block 19285 on request 15... 1352969 H/sMining block 19285 on request 15... 1345245 H/sMining block 19285 on request 15... 1386959 H/sMining block 19285 on request 15... 1369181 H/sMining block 19285 on request 15... 1389987 H/sMining block 19285 on request 15... 1360272 H/sMining block 19285 on request 15... 1345996 H/s
Mining block 19285 on request 16... 1345996 H/s
Mining block 19285 on request 16... 1300042 H/sMining block 19285 on request 16... 1308042 H/sMining block 19285 on request 16... 1297760 H/sMining block 19285 on request 16... 1309492 H/sMining block 19285 on request 16... 1319492 H/sMining block 19285 on request 16... 1352004 H/sMining block 19285 on request 16... 1315772 H/sMining block 19285 on request 16... 1334063 H/sMining block 19285 on request 16... 1330330 H/sMining block 19285 on request 16... 1284297 H/s
Mining block 19285 on request 17... 1284297 H/s
Mining block 19285 on request 17... 1254024 H/sMining block 19285 on request 17... 1292256 H/sMining block 19285 on request 17... 1255712 H/sMining block 19285 on request 17... 1245966 H/sMining block 19285 on request 17... 1287732 H/sMining block 19285 on request 17... 1326013 H/sMining block 19285 on request 17... 1335733 H/sMining block 19285 on request 17... 1339729 H/sMining block 19285 on request 17... 1392553 H/sMining block 19285 on request 17... 1382563 H/s
Mining block 19285 on request 18... 1382563 H/s
Mining block 19285 on request 18... 1354283 H/sMining block 19285 on request 18... 1356281 H/sMining block 19285 on request 18... 1358539 H/sMining block 19285 on request 18... 1307460 H/sMining block 19285 on request 18... 1319718 H/sMining block 19285 on request 18... 1337718 H/sMining block 19285 on request 18... 1341714 H/sMining block 19285 on request 18... 1345978 H/sMining block 19285 on request 18... 1347978 H/sMining block 19285 on request 18... 1339978 H/s
Mining block 19285 on request 19... 1339978 H/s
Mining block 19285 on request 19... 1333451 H/sMining block 19285 on request 19... 1319737 H/sMining block 19285 on request 19... 1347473 H/sMining block 19285 on request 19... 1355207 H/sMining block 19285 on request 19... 1367207 H/sMining block 19285 on request 19... 1363734 H/sMining block 19285 on request 19... 1335734 H/sMining block 19285 on request 19... 1295734 H/sMining block 19285 on request 19... 1422392 H/sMining block 19285 on request 19... 1558392 H/s
Mining block 19285 on request 20... 1558392 H/s
Mining block 19285 on request 20... 1658392 H/sMining block 19285 on request 20... 1794392 H/sMining block 19285 on request 20... 1830104 H/sMining block 19285 on request 20... 1647712 H/sMining block 19285 on request 20... 1517712 H/sMining block 19285 on request 20... 1507362 H/sMining block 19285 on request 20... 1443362 H/sMining block 19285 on request 20... 1425111 H/sMining block 19285 on request 20... 1408917 H/sMining block 19285 on request 20... 1311099 H/s
Mining block 19285 on request 21... 1311099 H/s
Mining block 19285 on request 21... 1127449 H/sMining block 19285 on request 21... 931329 H/sMining block 19285 on request 21... 888094 H/sMining block 19285 on request 21... 870288 H/sMining block 19285 on request 21... 997796 H/sMining block 19285 on request 21... 1108072 H/sMining block 19285 on request 21... 1293887 H/sMining block 19285 on request 21... 1477660 H/sMining block 19285 on request 21... 1721660 H/sMining block 19285 on request 21... 1800358 H/s
Mining block 19285 on request 22... 1800358 H/s
Mining block 19285 on request 22... 1838082 H/sMining block 19285 on request 22... 1874388 H/sMining block 19285 on request 22... 1689712 H/sMining block 19285 on request 22... 1485712 H/sMining block 19285 on request 22... 1353068 H/sMining block 19285 on request 22... 1415068 H/sMining block 19285 on request 22... 1433428 H/sMining block 19285 on request 22... 1503808 H/sMining block 19285 on request 22... 1463808 H/sMining block 19285 on request 22... 1384064 H/s
Mining block 19285 on request 23... 1384064 H/s
Mining block 19285 on request 23... 1176882 H/sMining block 19285 on request 23... 988350 H/sMining block 19285 on request 23... 862646 H/sMining block 19285 on request 23... 894979 H/sMining block 19285 on request 23... 924773 H/sMining block 19285 on request 23... 1053658 H/sMining block 19285 on request 23... 1164112 H/sMining block 19285 on request 23... 1298112 H/sMining block 19285 on request 23... 1367778 H/sMining block 19285 on request 23... 1437984 H/s
Mining block 19285 on request 24... 1418004 H/s
Mining block 19285 on request 24... 1377480 H/sMining block 19285 on request 24... 1345480 H/sMining block 19285 on request 24... 1299712 H/sMining block 19285 on request 24... 1255480 H/sMining block 19285 on request 24... 1255758 H/sMining block 19285 on request 24... 1286272 H/sMining block 19285 on request 24... 1305981 H/sMining block 19285 on request 24... 1345748 H/sMining block 19285 on request 24... 1383980 H/s
Mining block 19285 on request 25... 1371714 H/s
Mining block 19285 on request 25... 1373168 H/sMining block 19285 on request 25... 1355460 H/sMining block 19285 on request 25... 1359736 H/sMining block 19285 on request 25... 1367459 H/sMining block 19285 on request 25... 1367991 H/sMining block 19285 on request 25... 1350264 H/sMining block 19285 on request 25... 1320021 H/sMining block 19285 on request 25... 1265744 H/sMining block 19285 on request 25... 1262022 H/sMining block 19285 on request 25... 1305756 H/s
Mining block 19285 on request 26... 1305756 H/s
Mining block 19285 on request 26... 1317756 H/sMining block 19285 on request 26... 1463610 H/sMining block 19285 on request 26... 1678046 H/sMining block 19285 on request 26... 1806046 H/sMining block 19285 on request 26... 1914046 H/sMining block 19285 on request 26... 2052046 H/sMining block 19285 on request 26... 2074436 H/sMining block 19285 on request 26... 2037600 H/sMining block 19285 on request 26... 2049600 H/sMining block 19285 on request 26... 2038006 H/s
Mining block 19285 on request 27... 2038006 H/s
Mining block 19285 on request 27... 1960006 H/sMining block 19285 on request 27... 1914006 H/sMining block 19285 on request 27... 1882406 H/sMining block 19285 on request 27... 1880406 H/sMining block 19285 on request 27... 1879594 H/sMining block 19285 on request 27... 1955594 H/sMining block 19285 on request 27... 1951594 H/sMining block 19285 on request 27... 1921594 H/sMining block 19285 on request 27... 1853594 H/sMining block 19285 on request 27... 1671999 H/s
Mining block 19285 on request 28... 1671999 H/s
Mining block 19285 on request 28... 1439999 H/sMining block 19285 on request 28... 1322244 H/sMining block 19285 on request 28... 1375852 H/sMining block 19285 on request 28... 1407852 H/sMining block 19285 on request 28... 1431852 H/sMining block 19285 on request 28... 1449852 H/sMining block 19285 on request 28... 1385608 H/sMining block 19285 on request 28... 1183810 H/sMining block 19285 on request 28... 955958 H/sMining block 19285 on request 28... 877788 H/s
Mining block 19285 on request 29... 877788 H/s
Mining block 19285 on request 29... 827788 H/sMining block 19285 on request 29... 967788 H/sMining block 19285 on request 29... 1041978 H/sMining block 19285 on request 29... 1097626 H/sMining block 19285 on request 29... 1195528 H/sMining block 19285 on request 29... 1331804 H/sMining block 19285 on request 29... 1269547 H/sMining block 19285 on request 29... 1271547 H/sMining block 19285 on request 29... 1355750 H/sMining block 19285 on request 29... 1371734 H/s
Mining block 19285 on request 30... 1371734 H/s
Mining block 19285 on request 30... 1344710 H/sMining block 19285 on request 30... 1383264 H/sMining block 19285 on request 30... 1402125 H/sMining block 19285 on request 30... 1336125 H/sMining block 19285 on request 30... 1310667 H/sMining block 19285 on request 30... 1341415 H/sMining block 19285 on request 30... 1317118 H/sMining block 19285 on request 30... 1322258 H/sMining block 19285 on request 30... 1375982 H/sMining block 19285 on request 30... 1415724 H/s
Mining block 19285 on request 31... 1415724 H/s
Mining block 19285 on request 31... 1397462 H/sMining block 19285 on request 31... 1395462 H/sMining block 19285 on request 31... 1396014 H/sMining block 19285 on request 31... 1382014 H/sMining block 19285 on request 31... 1398606 H/sMining block 19285 on request 31... 1400606 H/sMining block 19285 on request 31... 1404606 H/sMining block 19285 on request 31... 1402056 H/sMining block 19285 on request 31... 1340278 H/s
Mining block 19285 on request 32... 1340278 H/s
Mining block 19285 on request 32... 1287722 H/sMining block 19285 on request 32... 1273722 H/sMining block 19285 on request 32... 1261722 H/sMining block 19285 on request 32... 1269996 H/sMining block 19285 on request 32... 1323774 H/sMining block 19285 on request 32... 1396000 H/sMining block 19285 on request 32... 1417720 H/sMining block 19285 on request 32... 1395720 H/sMining block 19285 on request 32... 1393720 H/sMining block 19285 on request 32... 1383720 H/sMining block 19285 on request 32... 1368264 H/sMining block 19285 on request 32... 1372264 H/sMining block 19285 on request 32... 1368264 H/sMining block 19285 on request 32... 1373148 H/sMining block 19285 on request 32... 1357148 H/sMining block 19285 on request 32... 1375166 H/sMining block 19285 on request 32... 1383166 H/sMining block 19285 on request 32... 1346040 H/sMining block 19285 on request 32... 1334300 H/sMining block 19285 on request 32... 1351718 H/s
Mining block 19286 on request 33... 1351718 H/s
Mining block 19286 on request 33... 1315718 H/sMining block 19286 on request 33... 1325718 H/sMining block 19286 on request 33... 1357686 H/sMining block 19286 on request 33... 1359688 H/sMining block 19286 on request 33... 1337433 H/sMining block 19286 on request 33... 1369433 H/sMining block 19286 on request 33... 1349433 H/sMining block 19286 on request 33... 1343439 H/sMining block 19286 on request 33... 1331177 H/sMining block 19286 on request 33... 1293732 H/s
Mining block 19286 on request 34... 1293732 H/s
Mining block 19286 on request 34... 1345412 H/sMining block 19286 on request 34... 1445412 H/sMining block 19286 on request 34... 1429680 H/sMining block 19286 on request 34... 1469390 H/sMining block 19286 on request 34... 1457390 H/sMining block 19286 on request 34... 1470042 H/sMining block 19286 on request 34... 1474042 H/sMining block 19286 on request 34... 1493770 H/sMining block 19286 on request 34... 1385878 H/sMining block 19286 on request 34... 1350070 H/s
Mining block 19286 on request 35... 1350070 H/s
Mining block 19286 on request 35... 1197558 H/sMining block 19286 on request 35... 983243 H/sMining block 19286 on request 35... 873515 H/sMining block 19286 on request 35... 853697 H/sMining block 19286 on request 35... 923767 H/sMining block 19286 on request 35... 953737 H/sMining block 19286 on request 35... 1029585 H/sMining block 19286 on request 35... 1137585 H/sMining block 19286 on request 35... 1257303 H/sMining block 19286 on request 35... 1271317 H/s
Mining block 19286 on request 36... 1323265 H/s
Mining block 19286 on request 36... 1335732 H/sMining block 19286 on request 36... 1334925 H/sMining block 19286 on request 36... 1319473 H/sMining block 19286 on request 36... 1309196 H/sMining block 19286 on request 36... 1317458 H/sMining block 19286 on request 36... 1354609 H/sMining block 19286 on request 36... 1355416 H/sMining block 19286 on request 36... 1383444 H/sMining block 19286 on request 36... 1395444 H/sMining block 19286 on request 36... 1376691 H/s
Mining block 19286 on request 37... 1376691 H/s
Mining block 19286 on request 37... 1369816 H/sMining block 19286 on request 37... 1515401 H/sMining block 19286 on request 37... 1661106 H/sMining block 19286 on request 37... 1725449 H/sMining block 19286 on request 37... 1831845 H/sMining block 19286 on request 37... 2001569 H/sMining block 19286 on request 37... 2022421 H/sMining block 19286 on request 37... 1968421 H/sMining block 19286 on request 37... 2003701 H/sMining block 19286 on request 37... 2052058 H/s
Mining block 19286 on request 38... 2052058 H/s
Mining block 19286 on request 38... 2022058 H/sMining block 19286 on request 38... 2035172 H/sMining block 19286 on request 38... 2103627 H/sMining block 19286 on request 38... 2173557 H/sMining block 19286 on request 38... 2129919 H/sMining block 19286 on request 38... 2121919 H/sMining block 19286 on request 38... 1968073 H/sMining block 19286 on request 38... 1845951 H/sMining block 19286 on request 38... 1698099 H/sMining block 19286 on request 38... 1573736 H/s
Mining block 19286 on request 39... 1573736 H/s
Mining block 19286 on request 39... 1397505 H/sMining block 19286 on request 39... 1412111 H/sMining block 19286 on request 39... 1379778 H/sMining block 19286 on request 39... 1293651 H/sMining block 19286 on request 39... 1245651 H/sMining block 19286 on request 39... 1197883 H/sMining block 19286 on request 39... 1091369 H/sMining block 19286 on request 39... 965369 H/sMining block 19286 on request 39... 981796 H/sMining block 19286 on request 39... 999796 H/s
Waiting for next block... 999796 H/s

Not connected to a node - waiting 5s before retrying
Starting to mine with 12 threads
Waiting for director to send work....
Mining block 19286 on request 1... 999796 H/s
Mining block 19286 on request 1... 1355796 H/sMining block 19286 on request 1... 1506000 H/sMining block 19286 on request 1... 1675656 H/sMining block 19286 on request 1... 1695406 H/sMining block 19286 on request 1... 1743150 H/sMining block 19286 on request 1... 1503451 H/sMining block 19286 on request 1... 1459141 H/sMining block 19286 on request 1... 1329485 H/s
Mining block 19286 on request 2... 1261917 H/s
Mining block 19286 on request 2... 1148030 H/sMining block 19286 on request 2... 1021730 H/sMining block 19286 on request 2... 890040 H/sMining block 19286 on request 2... 858040 H/sMining block 19286 on request 2... 823858 H/sMining block 19286 on request 2... 972000 H/sMining block 19286 on request 2... 1054256 H/sMining block 19286 on request 2... 1143988 H/sMining block 19286 on request 2... 1212485 H/s
Mining block 19286 on request 3... 1322227 H/s
Mining block 19286 on request 3... 1274227 H/sMining block 19286 on request 3... 1278231 H/sMining block 19286 on request 3... 1266499 H/sMining block 19286 on request 3... 1258002 H/sMining block 19286 on request 3... 1190260 H/sMining block 19286 on request 3... 1178030 H/sMining block 19286 on request 3... 1171770 H/sMining block 19286 on request 3... 1179770 H/sMining block 19286 on request 3... 1209498 H/sMining block 19286 on request 3... 1277498 H/sMining block 19286 on request 3... 1251932 H/s
Mining block 19287 on request 4... 1255674 H/s

Mining block 19288 on request 5... 1221444 H/s

Mining block 19288 on request 6... 1209379 H/s
Mining block 19288 on request 6... 1185613 H/sMining block 19288 on request 6... 1271120 H/sMining block 19288 on request 6... 1297377 H/sMining block 19288 on request 6... 1343331 H/sMining block 19288 on request 6... 1359945 H/sMining block 19288 on request 6... 1419710 H/sMining block 19288 on request 6... 1391738 H/sMining block 19288 on request 6... 1378385 H/sMining block 19288 on request 6... 1404359 H/s
Mining block 19288 on request 7... 1398353 H/s
Mining block 19288 on request 7... 1360097 H/sMining block 19288 on request 7... 1311719 H/sMining block 19288 on request 7... 1304809 H/sMining block 19288 on request 7... 1283707 H/sMining block 19288 on request 7... 1289161 H/sMining block 19288 on request 7... 1291159 H/sMining block 19288 on request 7... 1357799 H/sMining block 19288 on request 7... 1365791 H/sMining block 19288 on request 7... 1337194 H/s
Mining block 19288 on request 8... 1341470 H/s
Mining block 19288 on request 8... 1297942 H/sMining block 19288 on request 8... 1285942 H/sMining block 19288 on request 8... 1269958 H/sMining block 19288 on request 8... 1277958 H/sMining block 19288 on request 8... 1283958 H/sMining block 19288 on request 8... 1339474 H/sMining block 19288 on request 8... 1339742 H/sMining block 19288 on request 8... 1347734 H/sMining block 19288 on request 8... 1359734 H/s
Mining block 19288 on request 9... 1349459 H/s
Mining block 19288 on request 9... 1325728 H/sMining block 19288 on request 9... 1347460 H/s